D:\TRISYS\PROJECT\ANI\윈도우검사기\MAIN SOURCE\SDC_WINDOWCONTROLPRJ\DEBUG\AXIS.OBJ
D:\TRISYS\PROJECT\ANI\윈도우검사기\MAIN SOURCE\SDC_WINDOWCONTROLPRJ\DEBUG\BTNENH.OBJ
D:\Trisys\Project\ANI\윈도우검사기\Main Source\SDC_WindowControlPrj\Debug\cl.command.1.tlog
D:\Trisys\Project\ANI\윈도우검사기\Main Source\SDC_WindowControlPrj\Debug\CL.read.1.tlog
D:\Trisys\Project\ANI\윈도우검사기\Main Source\SDC_WindowControlPrj\Debug\CL.write.1.tlog
D:\TRISYS\PROJECT\ANI\윈도우검사기\MAIN SOURCE\SDC_WINDOWCONTROLPRJ\DEBUG\CLIENTSOK.OBJ
D:\TRISYS\PROJECT\ANI\윈도우검사기\MAIN SOURCE\SDC_WINDOWCONTROLPRJ\DEBUG\DIALOGALARMTRENDVIEW.OBJ
D:\TRISYS\PROJECT\ANI\윈도우검사기\MAIN SOURCE\SDC_WINDOWCONTROLPRJ\DEBUG\DIALOGAXISJOG.OBJ
D:\TRISYS\PROJECT\ANI\윈도우검사기\MAIN SOURCE\SDC_WINDOWCONTROLPRJ\DEBUG\DIALOGAXISMANAGER.OBJ
D:\TRISYS\PROJECT\ANI\윈도우검사기\MAIN SOURCE\SDC_WINDOWCONTROLPRJ\DEBUG\DIALOGAXISORIGIN.OBJ
D:\TRISYS\PROJECT\ANI\윈도우검사기\MAIN SOURCE\SDC_WINDOWCONTROLPRJ\DEBUG\DIALOGCHECKIO.OBJ
D:\TRISYS\PROJECT\ANI\윈도우검사기\MAIN SOURCE\SDC_WINDOWCONTROLPRJ\DEBUG\DIALOGERRMSGBOX.OBJ
D:\TRISYS\PROJECT\ANI\윈도우검사기\MAIN SOURCE\SDC_WINDOWCONTROLPRJ\DEBUG\DIALOGLOGIN.OBJ
D:\TRISYS\PROJECT\ANI\윈도우검사기\MAIN SOURCE\SDC_WINDOWCONTROLPRJ\DEBUG\DIALOGMAINCOM.OBJ
D:\TRISYS\PROJECT\ANI\윈도우검사기\MAIN SOURCE\SDC_WINDOWCONTROLPRJ\DEBUG\DIALOGMAINDATA.OBJ
D:\TRISYS\PROJECT\ANI\윈도우검사기\MAIN SOURCE\SDC_WINDOWCONTROLPRJ\DEBUG\DIALOGMAINVIEW.OBJ
D:\TRISYS\PROJECT\ANI\윈도우검사기\MAIN SOURCE\SDC_WINDOWCONTROLPRJ\DEBUG\DIALOGMANUAL.OBJ
D:\TRISYS\PROJECT\ANI\윈도우검사기\MAIN SOURCE\SDC_WINDOWCONTROLPRJ\DEBUG\DIALOGMSGBOX.OBJ
D:\TRISYS\PROJECT\ANI\윈도우검사기\MAIN SOURCE\SDC_WINDOWCONTROLPRJ\DEBUG\DIALOGNUMBERBOX.OBJ
D:\TRISYS\PROJECT\ANI\윈도우검사기\MAIN SOURCE\SDC_WINDOWCONTROLPRJ\DEBUG\DIALOGPRODUCTINFOVIEW.OBJ
D:\TRISYS\PROJECT\ANI\윈도우검사기\MAIN SOURCE\SDC_WINDOWCONTROLPRJ\DEBUG\DIALOGTACKTIMEVIEW.OBJ
D:\TRISYS\PROJECT\ANI\윈도우검사기\MAIN SOURCE\SDC_WINDOWCONTROLPRJ\DEBUG\DIALOGTEACH.OBJ
D:\TRISYS\PROJECT\ANI\윈도우검사기\MAIN SOURCE\SDC_WINDOWCONTROLPRJ\DEBUG\GETTEXTDLG.OBJ
D:\TRISYS\PROJECT\ANI\윈도우검사기\MAIN SOURCE\SDC_WINDOWCONTROLPRJ\DEBUG\IO.OBJ
D:\Trisys\Project\ANI\윈도우검사기\Main Source\SDC_WindowControlPrj\Debug\link.command.1.tlog
D:\Trisys\Project\ANI\윈도우검사기\Main Source\SDC_WindowControlPrj\Debug\link.read.1.tlog
D:\Trisys\Project\ANI\윈도우검사기\Main Source\SDC_WindowControlPrj\Debug\link.write.1.tlog
D:\Trisys\Project\ANI\윈도우검사기\Main Source\SDC_WindowControlPrj\Debug\link-cvtres.read.1.tlog
D:\Trisys\Project\ANI\윈도우검사기\Main Source\SDC_WindowControlPrj\Debug\link-cvtres.write.1.tlog
D:\TRISYS\PROJECT\ANI\윈도우검사기\MAIN SOURCE\SDC_WINDOWCONTROLPRJ\DEBUG\MODELDATA.OBJ
D:\TRISYS\PROJECT\ANI\윈도우검사기\MAIN SOURCE\SDC_WINDOWCONTROLPRJ\DEBUG\MOTION.OBJ
D:\TRISYS\PROJECT\ANI\윈도우검사기\MAIN SOURCE\SDC_WINDOWCONTROLPRJ\DEBUG\MSGBOX.OBJ
D:\Trisys\Project\ANI\윈도우검사기\Main Source\SDC_WindowControlPrj\Debug\mt.command.1.tlog
D:\Trisys\Project\ANI\윈도우검사기\Main Source\SDC_WindowControlPrj\Debug\mt.read.1.tlog
D:\Trisys\Project\ANI\윈도우검사기\Main Source\SDC_WindowControlPrj\Debug\mt.write.1.tlog
D:\TRISYS\PROJECT\ANI\윈도우검사기\MAIN SOURCE\SDC_WINDOWCONTROLPRJ\DEBUG\PROFILEDATAIF.OBJ
D:\Trisys\Project\ANI\윈도우검사기\Main Source\SDC_WindowControlPrj\Debug\rc.command.1.tlog
D:\Trisys\Project\ANI\윈도우검사기\Main Source\SDC_WindowControlPrj\Debug\rc.read.1.tlog
D:\Trisys\Project\ANI\윈도우검사기\Main Source\SDC_WindowControlPrj\Debug\rc.write.1.tlog
D:\TRISYS\PROJECT\ANI\윈도우검사기\MAIN SOURCE\SDC_WINDOWCONTROLPRJ\DEBUG\SDC_WINDOWCONTROLPRJ.EXE
D:\TRISYS\PROJECT\ANI\윈도우검사기\MAIN SOURCE\SDC_WINDOWCONTROLPRJ\DEBUG\SDC_WINDOWCONTROLPRJ.EXE.EMBED.MANIFEST
D:\TRISYS\PROJECT\ANI\윈도우검사기\MAIN SOURCE\SDC_WINDOWCONTROLPRJ\DEBUG\SDC_WINDOWCONTROLPRJ.EXE.EMBED.MANIFEST.RES
D:\TRISYS\PROJECT\ANI\윈도우검사기\MAIN SOURCE\SDC_WINDOWCONTROLPRJ\DEBUG\SDC_WINDOWCONTROLPRJ.EXE.INTERMEDIATE.MANIFEST
D:\TRISYS\PROJECT\ANI\윈도우검사기\MAIN SOURCE\SDC_WINDOWCONTROLPRJ\DEBUG\SDC_WINDOWCONTROLPRJ.ILK
D:\TRISYS\PROJECT\ANI\윈도우검사기\MAIN SOURCE\SDC_WINDOWCONTROLPRJ\DEBUG\SDC_WINDOWCONTROLPRJ.OBJ
D:\TRISYS\PROJECT\ANI\윈도우검사기\MAIN SOURCE\SDC_WINDOWCONTROLPRJ\DEBUG\SDC_WINDOWCONTROLPRJ.PCH
D:\TRISYS\PROJECT\ANI\윈도우검사기\MAIN SOURCE\SDC_WINDOWCONTROLPRJ\DEBUG\SDC_WINDOWCONTROLPRJ.PDB
D:\TRISYS\PROJECT\ANI\윈도우검사기\MAIN SOURCE\SDC_WINDOWCONTROLPRJ\DEBUG\SDC_WINDOWCONTROLPRJ.RES
D:\Trisys\Project\ANI\윈도우검사기\Main Source\SDC_WindowControlPrj\Debug\SDC_WindowControlPrj.write.1.tlog
D:\Trisys\Project\ANI\윈도우검사기\Main Source\SDC_WindowControlPrj\Debug\SDC_WindowControlPrj_manifest.rc
D:\TRISYS\PROJECT\ANI\윈도우검사기\MAIN SOURCE\SDC_WINDOWCONTROLPRJ\DEBUG\SDC_WINDOWCONTROLPRJDLG.OBJ
D:\TRISYS\PROJECT\ANI\윈도우검사기\MAIN SOURCE\SDC_WINDOWCONTROLPRJ\DEBUG\SERVERSOK.OBJ
D:\TRISYS\PROJECT\ANI\윈도우검사기\MAIN SOURCE\SDC_WINDOWCONTROLPRJ\DEBUG\STDAFX.OBJ
D:\TRISYS\PROJECT\ANI\윈도우검사기\MAIN SOURCE\SDC_WINDOWCONTROLPRJ\DEBUG\SYSTEMDATA.OBJ
D:\TRISYS\PROJECT\ANI\윈도우검사기\MAIN SOURCE\SDC_WINDOWCONTROLPRJ\DEBUG\TIMECHECK.OBJ
D:\TRISYS\PROJECT\ANI\윈도우검사기\MAIN SOURCE\SDC_WINDOWCONTROLPRJ\DEBUG\UTILFUNC.OBJ
D:\Trisys\Project\ANI\윈도우검사기\Main Source\SDC_WindowControlPrj\Debug\vc100.idb
D:\TRISYS\PROJECT\ANI\윈도우검사기\MAIN SOURCE\SDC_WINDOWCONTROLPRJ\DEBUG\VC100.PDB
