D:\SDC_WINDOWCONTROLPRJ\RELEASE\AXIS.OBJ
D:\SDC_WINDOWCONTROLPRJ\RELEASE\BTNENH.OBJ
D:\SDC_WindowControlPrj\Release\cl.command.1.tlog
D:\SDC_WindowControlPrj\Release\CL.read.1.tlog
D:\SDC_WindowControlPrj\Release\CL.write.1.tlog
D:\SDC_WINDOWCONTROLPRJ\RELEASE\CLIENTSOK.OBJ
D:\SDC_WINDOWCONTROLPRJ\RELEASE\DIALOGALARMTRENDVIEW.OBJ
D:\SDC_WINDOWCONTROLPRJ\RELEASE\DIALOGAXISJOG.OBJ
D:\SDC_WINDOWCONTROLPRJ\RELEASE\DIALOGAXISMANAGER.OBJ
D:\SDC_WINDOWCONTROLPRJ\RELEASE\DIALOGAXISORIGIN.OBJ
D:\SDC_WINDOWCONTROLPRJ\RELEASE\DIALOGCHECKIO.OBJ
D:\SDC_WINDOWCONTROLPRJ\RELEASE\DIALOGERRMSGBOX.OBJ
D:\SDC_WINDOWCONTROLPRJ\RELEASE\DIALOGLOGIN.OBJ
D:\SDC_WINDOWCONTROLPRJ\RELEASE\DIALOGMAINCOM.OBJ
D:\SDC_WINDOWCONTROLPRJ\RELEASE\DIALOGMAINDATA.OBJ
D:\SDC_WINDOWCONTROLPRJ\RELEASE\DIALOGMAINVIEW.OBJ
D:\SDC_WINDOWCONTROLPRJ\RELEASE\DIALOGMANUAL.OBJ
D:\SDC_WINDOWCONTROLPRJ\RELEASE\DIALOGMSGBOX.OBJ
D:\SDC_WINDOWCONTROLPRJ\RELEASE\DIALOGNUMBERBOX.OBJ
D:\SDC_WINDOWCONTROLPRJ\RELEASE\DIALOGPRODUCTINFOVIEW.OBJ
D:\SDC_WINDOWCONTROLPRJ\RELEASE\DIALOGTACKTIMEVIEW.OBJ
D:\SDC_WINDOWCONTROLPRJ\RELEASE\DIALOGTEACH.OBJ
D:\SDC_WINDOWCONTROLPRJ\RELEASE\GETTEXTDLG.OBJ
D:\SDC_WINDOWCONTROLPRJ\RELEASE\IO.OBJ
D:\SDC_WindowControlPrj\Release\link.command.1.tlog
D:\SDC_WindowControlPrj\Release\link.read.1.tlog
D:\SDC_WindowControlPrj\Release\link.write.1.tlog
D:\SDC_WindowControlPrj\Release\link-cvtres.read.1.tlog
D:\SDC_WindowControlPrj\Release\link-cvtres.write.1.tlog
D:\SDC_WINDOWCONTROLPRJ\RELEASE\MODELDATA.OBJ
D:\SDC_WINDOWCONTROLPRJ\RELEASE\MOTION.OBJ
D:\SDC_WINDOWCONTROLPRJ\RELEASE\MSGBOX.OBJ
D:\SDC_WindowControlPrj\Release\mt.command.1.tlog
D:\SDC_WindowControlPrj\Release\mt.read.1.tlog
D:\SDC_WindowControlPrj\Release\mt.write.1.tlog
D:\SDC_WINDOWCONTROLPRJ\RELEASE\PROFILEDATAIF.OBJ
D:\SDC_WindowControlPrj\Release\rc.command.1.tlog
D:\SDC_WindowControlPrj\Release\rc.read.1.tlog
D:\SDC_WindowControlPrj\Release\rc.write.1.tlog
D:\SDC_WINDOWCONTROLPRJ\RELEASE\SDC_WINDOWCONTROLPRJ.EXE
D:\SDC_WINDOWCONTROLPRJ\RELEASE\SDC_WINDOWCONTROLPRJ.EXE.EMBED.MANIFEST
D:\SDC_WINDOWCONTROLPRJ\RELEASE\SDC_WINDOWCONTROLPRJ.EXE.EMBED.MANIFEST.RES
D:\SDC_WINDOWCONTROLPRJ\RELEASE\SDC_WINDOWCONTROLPRJ.EXE.INTERMEDIATE.MANIFEST
D:\SDC_WINDOWCONTROLPRJ\RELEASE\SDC_WINDOWCONTROLPRJ.OBJ
D:\SDC_WINDOWCONTROLPRJ\RELEASE\SDC_WINDOWCONTROLPRJ.PCH
D:\SDC_WINDOWCONTROLPRJ\RELEASE\SDC_WINDOWCONTROLPRJ.PDB
D:\SDC_WINDOWCONTROLPRJ\RELEASE\SDC_WINDOWCONTROLPRJ.RES
D:\SDC_WindowControlPrj\Release\SDC_WindowControlPrj.vcxprojResolveAssemblyReference.cache
D:\SDC_WindowControlPrj\Release\SDC_WindowControlPrj.write.1.tlog
D:\SDC_WindowControlPrj\Release\SDC_WindowControlPrj_manifest.rc
D:\SDC_WINDOWCONTROLPRJ\RELEASE\SDC_WINDOWCONTROLPRJDLG.OBJ
D:\SDC_WINDOWCONTROLPRJ\RELEASE\SERVERSOK.OBJ
D:\SDC_WINDOWCONTROLPRJ\RELEASE\STDAFX.OBJ
D:\SDC_WINDOWCONTROLPRJ\RELEASE\SYSTEMDATA.OBJ
D:\SDC_WINDOWCONTROLPRJ\RELEASE\TIMECHECK.OBJ
D:\SDC_WINDOWCONTROLPRJ\RELEASE\UTILFUNC.OBJ
D:\SDC_WINDOWCONTROLPRJ\RELEASE\VC100.PDB
